 
2022-11-01 11:13:22 || [ ERROR ] :: resolve< - - - - - - - - - - - - - - - - - - - - - - - - - - - - - - - - - - > 
- - - > 
 
2022-11-01 11:13:22 || [ ERROR ] :: Error: ENOENT: no such file or directory, open './../logs/website/DashboardIpLogs.txt'< - - - - - - - - - - - - - - - - - - - - - - - - - - - - - - - - - - > 
 
2022-11-01 11:14:17 || [ ERROR ] :: multipleResolves< - - - - - - - - - - - - - - - - - - - - - - - - - - - - - - - - - - > 
 
2022-11-01 11:14:17 || [ ERROR ] :: Prevented crash from uncaaughtException< - - - - - - - - - - - - - - - - - - - - - - - - - - - - - - - - - - > 
 - - - - - - - - - - - - - - - - - - - - - - > 
 
2022-11-01 13:03:40 || [ ERROR ] :: resolve< - - - - - - - - - - - - - - - - - - - - - - - - - - - - - - - - - - > 
- - - > 
 
2022-11-01 13:03:40 || [ ERROR ] :: Error: ENOENT: no such file or directory, open '../../logs/website/DashboardIpLogs.txt'< - - - - - - - - - - - - - - - - - - - - - - - - - - - - - - - - - - > 
 
2022-11-04 13:05:58 || [ ERROR ] :: resolve< - - - - - - - - - - - - - - - - - - - - - - - - - - - - - - - - - - > 
- - - > 
 
2022-11-04 13:05:58 || [ ERROR ] :: Error: ENOENT: no such file or directory, open '../../logs/website/DashboardIpLogs.txt'< - - - - - - - - - - - - - - - - - - - - - - - - - - - - - - - - - - > 
 
2022-11-04 13:07:21 || [ ERROR ] :: resolve< - - - - - - - - - - - - - - - - - - - - - - - - - - - - - - - - - - > 
- - - > 
 
2022-11-04 13:07:21 || [ ERROR ] :: Error: connect ETIMEDOUT 54.183.2.180:8374< - - - - - - - - - - - - - - - - - - - - - - - - - - - - - - - - - - > 
- - > 
 
2022-11-04 14:07:40 || [ ERROR ] :: resolve< - - - - - - - - - - - - - - - - - - - - - - - - - - - - - - - - - - > 
- - - > 
 
2022-11-04 14:07:40 || [ ERROR ] :: Error: connect ETIMEDOUT 54.183.2.180:8374< - - - - - - - - - - - - - - - - - - - - - - - - - - - - - - - - - - > 
- - > 
 
2022-11-04 15:10:51 || [ ERROR ] :: resolve< - - - - - - - - - - - - - - - - - - - - - - - - - - - - - - - - - - > 
- - - > 
 
2022-11-04 15:10:51 || [ ERROR ] :: Error: connect ETIMEDOUT 54.183.2.180:8374< - - - - - - - - - - - - - - - - - - - - - - - - - - - - - - - - - - > 
- - > 
 
2022-11-04 16:11:08 || [ ERROR ] :: resolve< - - - - - - - - - - - - - - - - - - - - - - - - - - - - - - - - - - > 
- - - > 
 
2022-11-04 16:11:08 || [ ERROR ] :: Error: connect ETIMEDOUT 54.183.2.180:8374< - - - - - - - - - - - - - - - - - - - - - - - - - - - - - - - - - - > 
- - > 
 
2022-11-04 16:11:08 || [ ERROR ] :: Prevented crash from unhandledRejection< - - - - - - - - - - - - - - - - - - - - - - - - - - - - - - - - - - > 
 
2022-11-04 17:12:00 || [ ERROR ] :: resolve< - - - - - - - - - - - - - - - - - - - - - - - - - - - - - - - - - - > 
- - - > 
 
2022-11-04 18:13:27 || [ ERROR ] :: resolve< - - - - - - - - - - - - - - - - - - - - - - - - - - - - - - - - - - > 
- - - > 
 
2022-11-04 18:13:27 || [ ERROR ] :: Error: connect ETIMEDOUT 54.183.2.180:8374< - - - - - - - - - - - - - - - - - - - - - - - - - - - - - - - - - - > 
- - > 
 
2022-11-04 19:14:53 || [ ERROR ] :: multipleResolves< - - - - - - - - - - - - - - - - - - - - - - - - - - - - - - - - - - > 
 
2022-11-04 19:14:53 || [ ERROR ] :: Error: connect ETIMEDOUT 54.183.2.180:8374< - - - - - - - - - - - - - - - - - - - - - - - - - - - - - - - - - - > 
- - > 
 
2022-11-04 20:16:30 || [ ERROR ] :: multipleResolves< - - - - - - - - - - - - - - - - - - - - - - - - - - - - - - - - - - > 
 
2022-11-04 21:17:45 || [ ERROR ] :: multipleResolves< - - - - - - - - - - - - - - - - - - - - - - - - - - - - - - - - - - > 
 
2022-11-04 22:18:49 || [ ERROR ] :: multipleResolves< - - - - - - - - - - - - - - - - - - - - - - - - - - - - - - - - - - > 
 
2022-11-04 23:19:38 || [ ERROR ] :: resolve< - - - - - - - - - - - - - - - - - - - - - - - - - - - - - - - - - - > 
- - - > 
 
2022-11-04 23:19:38 || [ ERROR ] :: Prevented crash from uncaaughtException< - - - - - - - - - - - - - - - - - - - - - - - - - - - - - - - - - - > 
> 
- - > 
 
2022-11-05 00:21:59 || [ ERROR ] :: multipleResolves< - - - - - - - - - - - - - - - - - - - - - - - - - - - - - - - - - - > 
 
2022-11-05 00:21:59 || [ ERROR ] :: Error: connect ETIMEDOUT 54.183.2.180:8374< - - - - - - - - - - - - - - - - - - - - - - - - - - - - - - - - - - > 
- - > 
 
2022-11-05 01:23:12 || [ ERROR ] :: multipleResolves< - - - - - - - - - - - - - - - - - - - - - - - - - - - - - - - - - - > 
 
2022-11-05 02:26:07 || [ ERROR ] :: resolve< - - - - - - - - - - - - - - - - - - - - - - - - - - - - - - - - - - > 
- - - > 
 
2022-11-05 02:26:07 || [ ERROR ] :: Error: connect ETIMEDOUT 54.183.2.180:8374< - - - - - - - - - - - - - - - - - - - - - - - - - - - - - - - - - - > 
- - > 
 
2022-11-05 02:26:07 || [ ERROR ] :: Prevented crash from unhandledRejection< - - - - - - - - - - - - - - - - - - - - - - - - - - - - - - - - - - > 
- - - - - - - - - - - - - - - - - - - - - - - - - - - - - - > 
 
2022-11-05 02:26:07 || [ ERROR ] :: Error: ENOENT: no such file or directory, open '/home/runner/Nova-discord/website/dashboard/index.ejs'< - - - - - - - - - - - - - - - - - - - - - - - - - - - - - - - - - - > 
 
2022-11-05 02:26:07 || [ ERROR ] :: Error: ENOENT: no such file or directory, open '/home/runner/Nova-discord/website/dashboard/index.ejs'< - - - - - - - - - - - - - - - - - - - - - - - - - - - - - - - - - - > 
 
2022-11-05 02:26:07 || [ ERROR ] :: Error: ENOENT: no such file or directory, open '/home/runner/Nova-discord/website/dashboard/index.ejs'< - - - - - - - - - - - - - - - - - - - - - - - - - - - - - - - - - - > 
 
2022-11-05 02:26:07 || [ ERROR ] :: Error: ENOENT: no such file or directory, open '/home/runner/Nova-discord/website/dashboard/index.ejs'< - - - - - - - - - - - - - - - - - - - - - - - - - - - - - - - - - - > 
 
2022-11-05 03:10:17 || [ ERROR ] :: resolve< - - - - - - - - - - - - - - - - - - - - - - - - - - - - - - - - - - > 
- - - > 
 
2022-11-05 03:10:17 || [ ERROR ] :: Prevented crash from uncaaughtException< - - - - - - - - - - - - - - - - - - - - - - - - - - - - - - - - - - > 
> 
- - > 
 
2022-11-05 03:18:44 || [ ERROR ] :: multipleResolves< - - - - - - - - - - - - - - - - - - - - - - - - - - - - - - - - - - > 
 
2022-11-05 03:18:44 || [ ERROR ] :: Error: connect ETIMEDOUT 54.183.2.180:8374< - - - - - - - - - - - - - - - - - - - - - - - - - - - - - - - - - - > 
- - > 
 
2022-11-05 03:18:44 || [ ERROR ] :: Error: ENOENT: no such file or directory, open '/home/runner/Nova-discord/website/dashboard/pages/dash.ejs'< - - - - - - - - - - - - - - - - - - - - - - - - - - - - - - - - - - > 
 
2022-11-05 03:18:44 || [ ERROR ] :: Error: ENOENT: no such file or directory, open '/home/runner/Nova-discord/website/dashboard/pages/dash.ejs'< - - - - - - - - - - - - - - - - - - - - - - - - - - - - - - - - - - > 
 
2022-11-05 03:18:44 || [ ERROR ] :: Error: ENOENT: no such file or directory, open '/home/runner/Nova-discord/website/dashboard/pages/dash.ejs'< - - - - - - - - - - - - - - - - - - - - - - - - - - - - - - - - - - > 
 
2022-11-05 03:24:55 || [ ERROR ] :: resolve< - - - - - - - - - - - - - - - - - - - - - - - - - - - - - - - - - - > 
- - - > 
 
2022-11-05 03:27:28 || [ ERROR ] :: resolve< - - - - - - - - - - - - - - - - - - - - - - - - - - - - - - - - - - > 
- - - > 
 
2022-11-05 03:28:15 || [ ERROR ] :: resolve< - - - - - - - - - - - - - - - - - - - - - - - - - - - - - - - - - - > 
- - - > 
 
2022-11-05 03:28:48 || [ ERROR ] :: resolve< - - - - - - - - - - - - - - - - - - - - - - - - - - - - - - - - - - > 
- - - > 
 
2022-11-05 03:30:02 || [ ERROR ] :: resolve< - - - - - - - - - - - - - - - - - - - - - - - - - - - - - - - - - - > 
- - - > 
 
2022-11-05 03:30:15 || [ ERROR ] :: resolve< - - - - - - - - - - - - - - - - - - - - - - - - - - - - - - - - - - > 
- - - > 
 
2022-11-05 03:30:26 || [ ERROR ] :: Error: listen EADDRINUSE: address already in use :::1488< - - - - - - - - - - - - - - - - - - - - - - - - - - - - - - - - - - > 
 
2022-11-05 03:30:26 || [ ERROR ] :: resolve< - - - - - - - - - - - - - - - - - - - - - - - - - - - - - - - - - - > 
- - - > 
 
2022-11-05 03:30:29 || [ ERROR ] :: Error: listen EADDRINUSE: address already in use :::1488< - - - - - - - - - - - - - - - - - - - - - - - - - - - - - - - - - - > 
 
2022-11-05 03:30:29 || [ ERROR ] :: resolve< - - - - - - - - - - - - - - - - - - - - - - - - - - - - - - - - - - > 
- - - > 
 
2022-11-05 03:30:34 || [ ERROR ] :: resolve< - - - - - - - - - - - - - - - - - - - - - - - - - - - - - - - - - - > 
- - - > 
 
2022-11-05 03:30:39 || [ ERROR ] :: resolve< - - - - - - - - - - - - - - - - - - - - - - - - - - - - - - - - - - > 
- - - > 
 
2022-11-05 03:31:10 || [ ERROR ] :: resolve< - - - - - - - - - - - - - - - - - - - - - - - - - - - - - - - - - - > 
- - - > 
 
2022-11-05 03:31:10 || [ ERROR ] :: DiscordHTTPError: DiscordHTTPError: 401 Unauthorized on GET /api/v6/users/@me< - - - - - - - - - - - - - - - - - - - - - - - - - - - - - - - - - - > 
 
2022-11-05 03:30:29 || [ ERROR ] :: Error: connect ETIMEDOUT 54.183.2.180:8374< - - - - - - - - - - - - - - - - - - - - - - - - - - - - - - - - - - > 
- - > 
 
2022-11-05 03:31:10 || [ ERROR ] :: Error: connect ETIMEDOUT 54.183.2.180:8374< - - - - - - - - - - - - - - - - - - - - - - - - - - - - - - - - - - > 
- - > 
 
2022-11-05 03:31:10 || [ ERROR ] :: DiscordHTTPError: DiscordHTTPError: 401 Unauthorized on GET /api/v6/users/@me< - - - - - - - - - - - - - - - - - - - - - - - - - - - - - - - - - - > 
 
2022-11-05 03:31:10 || [ ERROR ] :: SyntaxError: Unexpected end of JSON input< - - - - - - - - - - - - - - - - - - - - - - - - - - - - - - - - - - > 
 
2022-11-05 03:33:47 || [ ERROR ] :: Error: listen EADDRINUSE: address already in use :::1488< - - - - - - - - - - - - - - - - - - - - - - - - - - - - - - - - - - > 
 
2022-11-05 03:33:47 || [ ERROR ] :: multipleResolves< - - - - - - - - - - - - - - - - - - - - - - - - - - - - - - - - - - > 
 
2022-11-05 03:34:02 || [ ERROR ] :: Error: listen EADDRINUSE: address already in use :::1488< - - - - - - - - - - - - - - - - - - - - - - - - - - - - - - - - - - > 
 
2022-11-05 03:34:02 || [ ERROR ] :: resolve< - - - - - - - - - - - - - - - - - - - - - - - - - - - - - - - - - - > 
- - - > 
 
2022-11-05 03:34:07 || [ ERROR ] :: resolve< - - - - - - - - - - - - - - - - - - - - - - - - - - - - - - - - - - > 
- - - > 
 
2022-11-05 03:34:07 || [ ERROR ] :: resolve< - - - - - - - - - - - - - - - - - - - - - - - - - - - - - - - - - - > 
- - - > 
 - - - - - - - - - - - - - - - - - - > 
 
2022-11-05 03:34:02 || [ ERROR ] :: Error: connect ETIMEDOUT 54.183.2.180:8374< - - - - - - - - - - - - - - - - - - - - - - - - - - - - - - - - - - > 
- - > 
 
2022-11-05 03:37:14 || [ ERROR ] :: resolve< - - - - - - - - - - - - - - - - - - - - - - - - - - - - - - - - - - > 
- - - > 
 
2022-11-05 03:37:14 || [ ERROR ] :: Prevented crash from uncaaughtException< - - - - - - - - - - - - - - - - - - - - - - - - - - - - - - - - - - > 
> 
- - > 
 
2022-11-05 03:42:09 || [ ERROR ] :: resolve< - - - - - - - - - - - - - - - - - - - - - - - - - - - - - - - - - - > 
- - - > 
 
2022-11-05 03:43:06 || [ ERROR ] :: resolve< - - - - - - - - - - - - - - - - - - - - - - - - - - - - - - - - - - > 
- - - > 
 
2022-11-05 03:44:29 || [ ERROR ] :: resolve< - - - - - - - - - - - - - - - - - - - - - - - - - - - - - - - - - - > 
- - - > 
 
2022-11-05 03:45:07 || [ ERROR ] :: multipleResolves< - - - - - - - - - - - - - - - - - - - - - - - - - - - - - - - - - - > 
 
2022-11-05 03:46:07 || [ ERROR ] :: resolve< - - - - - - - - - - - - - - - - - - - - - - - - - - - - - - - - - - > 
- - - > 
 
2022-11-05 03:47:28 || [ ERROR ] :: resolve< - - - - - - - - - - - - - - - - - - - - - - - - - - - - - - - - - - > 
- - - > 
 
2022-11-05 03:47:28 || [ ERROR ] :: Error: connect ETIMEDOUT 54.183.2.180:8374< - - - - - - - - - - - - - - - - - - - - - - - - - - - - - - - - - - > 
- - > 
 
2022-11-05 03:53:02 || [ ERROR ] :: resolve< - - - - - - - - - - - - - - - - - - - - - - - - - - - - - - - - - - > 
- - - > 
 
2022-11-05 03:54:57 || [ ERROR ] :: multipleResolves< - - - - - - - - - - - - - - - - - - - - - - - - - - - - - - - - - - > 
 
2022-11-05 03:54:57 || [ ERROR ] :: Error: connect ETIMEDOUT 54.183.2.180:8374< - - - - - - - - - - - - - - - - - - - - - - - - - - - - - - - - - - > 
- - > 
 
2022-11-05 03:57:45 || [ ERROR ] :: resolve< - - - - - - - - - - - - - - - - - - - - - - - - - - - - - - - - - - > 
- - - > 
 
2022-11-05 03:57:45 || [ ERROR ] :: Error: connect ETIMEDOUT 54.183.2.180:8374< - - - - - - - - - - - - - - - - - - - - - - - - - - - - - - - - - - > 
- - > 
 
2022-11-05 03:57:45 || [ ERROR ] :: Error: ENOENT: no such file or directory, open '/home/runner/Nova-discord/CommandsPlugins/Utility/Afk.js'< - - - - - - - - - - - - - - - - - - - - - - - - - - - - - - - - - - > 
 
2022-11-05 04:21:29 || [ ERROR ] :: resolve< - - - - - - - - - - - - - - - - - - - - - - - - - - - - - - - - - - > 
- - - > 
 
2022-11-05 04:23:04 || [ ERROR ] :: resolve< - - - - - - - - - - - - - - - - - - - - - - - - - - - - - - - - - - > 
- - - > 
 
2022-11-05 04:23:04 || [ ERROR ] :: ReferenceError: _dirname is not defined< - - - - - - - - - - - - - - - - - - - - - - - - - - - - - - - - - - > 
 
2022-11-05 04:24:33 || [ ERROR ] :: resolve< - - - - - - - - - - - - - - - - - - - - - - - - - - - - - - - - - - > 
- - - > 
 
2022-11-05 04:27:51 || [ ERROR ] :: resolve< - - - - - - - - - - - - - - - - - - - - - - - - - - - - - - - - - - > 
- - - > 
 
2022-11-05 04:27:51 || [ ERROR ] :: DiscordHTTPError: DiscordHTTPError: 401 Unauthorized on GET /api/v6/users/@me< - - - - - - - - - - - - - - - - - - - - - - - - - - - - - - - - - - > 
 
2022-11-05 04:29:13 || [ ERROR ] :: resolve< - - - - - - - - - - - - - - - - - - - - - - - - - - - - - - - - - - > 
- - - > 
 
2022-11-05 04:29:13 || [ ERROR ] :: Error: connect ETIMEDOUT 54.183.2.180:8374< - - - - - - - - - - - - - - - - - - - - - - - - - - - - - - - - - - > 
- - > 
 
2022-11-05 05:30:56 || [ ERROR ] :: multipleResolves< - - - - - - - - - - - - - - - - - - - - - - - - - - - - - - - - - - > 
 
2022-11-05 06:32:21 || [ ERROR ] :: multipleResolves< - - - - - - - - - - - - - - - - - - - - - - - - - - - - - - - - - - > 
 
2022-11-05 06:32:21 || [ ERROR ] :: Error: connect ETIMEDOUT 54.183.2.180:8374< - - - - - - - - - - - - - - - - - - - - - - - - - - - - - - - - - - > 
- - > 
 
2022-11-05 06:52:08 || [ ERROR ] :: resolve< - - - - - - - - - - - - - - - - - - - - - - - - - - - - - - - - - - > 
- - - > 
 
2022-11-05 07:09:16 || [ ERROR ] :: multipleResolves< - - - - - - - - - - - - - - - - - - - - - - - - - - - - - - - - - - > 
 
2022-11-05 07:09:16 || [ ERROR ] :: ReferenceError: guild is not defined< - - - - - - - - - - - - - - - - - - - - - - - - - - - - - - - - - - > 
> 
 
2022-11-05 07:09:16 || [ ERROR ] :: ReferenceError: guild is not defined< - - - - - - - - - - - - - - - - - - - - - - - - - - - - - - - - - - > 
> 
 
2022-11-05 07:31:48 || [ ERROR ] :: resolve< - - - - - - - - - - - - - - - - - - - - - - - - - - - - - - - - - - > 
- - - > 
 
2022-11-05 07:31:48 || [ ERROR ] :: DiscordHTTPError: DiscordHTTPError: 401 Unauthorized on GET /api/v6/users/@me< - - - - - - - - - - - - - - - - - - - - - - - - - - - - - - - - - - > 
 
2022-11-05 07:33:47 || [ ERROR ] :: resolve< - - - - - - - - - - - - - - - - - - - - - - - - - - - - - - - - - - > 
- - - > 
 
2022-11-05 07:35:01 || [ ERROR ] :: Error: listen EADDRINUSE: address already in use :::1488< - - - - - - - - - - - - - - - - - - - - - - - - - - - - - - - - - - > 
 
2022-11-05 07:35:01 || [ ERROR ] :: resolve< - - - - - - - - - - - - - - - - - - - - - - - - - - - - - - - - - - > 
- - - > 
 
2022-11-05 08:36:14 || [ ERROR ] :: multipleResolves< - - - - - - - - - - - - - - - - - - - - - - - - - - - - - - - - - - > 
 
2022-11-05 08:59:53 || [ ERROR ] :: resolve< - - - - - - - - - - - - - - - - - - - - - - - - - - - - - - - - - - > 
- - - > 
 
2022-11-05 09:08:11 || [ ERROR ] :: resolve< - - - - - - - - - - - - - - - - - - - - - - - - - - - - - - - - - - > 
- - - > 
 
2022-11-05 09:09:14 || [ ERROR ] :: resolve< - - - - - - - - - - - - - - - - - - - - - - - - - - - - - - - - - - > 
- - - > 
 
2022-11-05 09:09:18 || [ ERROR ] :: resolve< - - - - - - - - - - - - - - - - - - - - - - - - - - - - - - - - - - > 
- - - > 
 
2022-11-05 09:09:34 || [ ERROR ] :: Error: listen EADDRINUSE: address already in use :::1488< - - - - - - - - - - - - - - - - - - - - - - - - - - - - - - - - - - > 
 
2022-11-05 09:09:34 || [ ERROR ] :: multipleResolves< - - - - - - - - - - - - - - - - - - - - - - - - - - - - - - - - - - > 
 
2022-11-05 09:09:57 || [ ERROR ] :: resolve< - - - - - - - - - - - - - - - - - - - - - - - - - - - - - - - - - - > 
- - - > 
 
2022-11-05 09:30:37 || [ ERROR ] :: resolve< - - - - - - - - - - - - - - - - - - - - - - - - - - - - - - - - - - > 
- - - > 
 
2022-11-05 09:30:37 || [ ERROR ] :: DiscordHTTPError: DiscordHTTPError: 400 Bad Request on POST /api/v6/oauth2/token< - - - - - - - - - - - - - - - - - - - - - - - - - - - - - - - - - - > 
 
2022-11-05 10:33:18 || [ ERROR ] :: resolve< - - - - - - - - - - - - - - - - - - - - - - - - - - - - - - - - - - > 
- - - > 
 
2022-11-05 11:35:00 || [ ERROR ] :: resolve< - - - - - - - - - - - - - - - - - - - - - - - - - - - - - - - - - - > 
- - - > 
 
2022-11-05 12:35:41 || [ ERROR ] :: multipleResolves< - - - - - - - - - - - - - - - - - - - - - - - - - - - - - - - - - - > 
 
2022-11-05 13:41:32 || [ ERROR ] :: multipleResolves< - - - - - - - - - - - - - - - - - - - - - - - - - - - - - - - - - - > 
 
2022-11-05 14:10:51 || [ ERROR ] :: resolve< - - - - - - - - - - - - - - - - - - - - - - - - - - - - - - - - - - > 
- - - > 
 
2022-11-05 14:13:43 || [ ERROR ] :: resolve< - - - - - - - - - - - - - - - - - - - - - - - - - - - - - - - - - - > 
- - - > 
 
2022-11-05 14:13:52 || [ ERROR ] :: resolve< - - - - - - - - - - - - - - - - - - - - - - - - - - - - - - - - - - > 
- - - > 
 - - - - - - - - - - - - - - - - - - > 
 
2022-11-05 14:14:00 || [ ERROR ] :: Error: listen EADDRINUSE: address already in use :::1488< - - - - - - - - - - - - - - - - - - - - - - - - - - - - - - - - - - > 
 
2022-11-05 14:14:00 || [ ERROR ] :: resolve< - - - - - - - - - - - - - - - - - - - - - - - - - - - - - - - - - - > 
- - - > 
 
2022-11-05 14:14:15 || [ ERROR ] :: Error: listen EADDRINUSE: address already in use :::1488< - - - - - - - - - - - - - - - - - - - - - - - - - - - - - - - - - - > 
 
2022-11-05 14:14:15 || [ ERROR ] :: resolve< - - - - - - - - - - - - - - - - - - - - - - - - - - - - - - - - - - > 
- - - > 
 
2022-11-05 14:14:43 || [ ERROR ] :: resolve< - - - - - - - - - - - - - - - - - - - - - - - - - - - - - - - - - - > 
- - - > 
 
2022-11-05 14:16:31 || [ ERROR ] :: resolve< - - - - - - - - - - - - - - - - - - - - - - - - - - - - - - - - - - > 
- - - > 
 
2022-11-05 14:29:25 || [ ERROR ] :: resolve< - - - - - - - - - - - - - - - - - - - - - - - - - - - - - - - - - - > 
- - - > 
